[debug] [2022-09-12T09:08:13.686Z] ----------------------------------------------------------------------
[debug] [2022-09-12T09:08:13.689Z] Command:       C:\Program Files\nodejs\node.exe C:\Users\mathura\AppData\Roaming\npm\node_modules\firebase-tools\lib\bin\firebase.js init
[debug] [2022-09-12T09:08:13.690Z] CLI Version:   11.3.0
[debug] [2022-09-12T09:08:13.690Z] Platform:      win32
[debug] [2022-09-12T09:08:13.690Z] Node Version:  v16.15.0
[debug] [2022-09-12T09:08:13.692Z] Time:          Mon Sep 12 2022 14:53:13 GMT+0545 (Nepal Time)
[debug] [2022-09-12T09:08:13.692Z] ----------------------------------------------------------------------
[debug] 
[debug] [2022-09-12T09:08:13.704Z] > command requires scopes: ["email","openid","https://www.googleapis.com/auth/cloudplatformprojects.readonly","https://www.googleapis.com/auth/firebase","https://www.googleapis.com/auth/cloud-platform"]
[debug] [2022-09-12T09:08:13.704Z] > authorizing via signed-in user (sunil.rai.96343405@gmail.com)
[info] 
     ######## #### ########  ######## ########     ###     ######  ########
     ##        ##  ##     ## ##       ##     ##  ##   ##  ##       ##
     ######    ##  ########  ######   ########  #########  ######  ######
     ##        ##  ##    ##  ##       ##     ## ##     ##       ## ##
     ##       #### ##     ## ######## ########  ##     ##  ######  ########

You're about to initialize a Firebase project in this directory:

  D:\AngularPWAApp\movie-browser

[info] 
=== Project Setup
[info] 
[info] First, let's associate this project directory with a Firebase project.
[info] You can create multiple project aliases by running firebase use --add, 
[info] but for now we'll just set up a default project.
[info] 
[debug] [2022-09-12T09:08:33.088Z] >>> [apiv2][query] GET https://firebase.googleapis.com/v1beta1/projects pageSize=100
[debug] [2022-09-12T09:08:34.077Z] <<< [apiv2][status] GET https://firebase.googleapis.com/v1beta1/projects 200
[debug] [2022-09-12T09:08:34.077Z] <<< [apiv2][body] GET https://firebase.googleapis.com/v1beta1/projects [omitted]
[info] i  Using project ng14-movie-browser (ng-movie-browser) 
[info] 
=== Hosting Setup
[info] 
[info] Your public directory is the folder (relative to your project directory) that
[info] will contain Hosting assets to be uploaded with firebase deploy. If you
[info] have a build process for your assets, use your build's output directory.
[info] 
[debug] [2022-09-12T09:10:00.635Z] >>> [apiv2][query] GET https://www.gstatic.com/firebasejs/releases.json [none]
[debug] [2022-09-12T09:10:01.054Z] <<< [apiv2][status] GET https://www.gstatic.com/firebasejs/releases.json 200
[debug] [2022-09-12T09:10:01.054Z] <<< [apiv2][body] GET https://www.gstatic.com/firebasejs/releases.json {"current":{"version":"9.9.4","browserURL":"https://www.gstatic.com/firebasejs/9.9.4/firebase.js","packageURL":"https://www.gstatic.com/firebasejs/9.9.4/firebase.tgz"},"live":{"version":"9.9","browserURL":"https://www.gstatic.com/firebasejs/live/9.9/firebase.js","packageURL":"https://www.gstatic.com/firebasejs/live/9.9/firebase.tgz"},"components":{"analytics":"https://www.gstatic.com/firebasejs/9.9.4/firebase-analytics.js","app":"https://www.gstatic.com/firebasejs/9.9.4/firebase-app.js","app-check":"https://www.gstatic.com/firebasejs/9.9.4/firebase-app-check.js","auth":"https://www.gstatic.com/firebasejs/9.9.4/firebase-auth.js","auth/cordova":"https://www.gstatic.com/firebasejs/9.9.4/firebase-auth/cordova.js","auth/react-native":"https://www.gstatic.com/firebasejs/9.9.4/firebase-auth/react-native.js","functions":"https://www.gstatic.com/firebasejs/9.9.4/firebase-functions.js","firestore":"https://www.gstatic.com/firebasejs/9.9.4/firebase-firestore.js","firestore/lite":"https://www.gstatic.com/firebasejs/9.9.4/firebase-firestore/lite.js","installations":"https://www.gstatic.com/firebasejs/9.9.4/firebase-installations.js","storage":"https://www.gstatic.com/firebasejs/9.9.4/firebase-storage.js","performance":"https://www.gstatic.com/firebasejs/9.9.4/firebase-performance.js","remote-config":"https://www.gstatic.com/firebasejs/9.9.4/firebase-remote-config.js","messaging":"https://www.gstatic.com/firebasejs/9.9.4/firebase-messaging.js","messaging/sw":"https://www.gstatic.com/firebasejs/9.9.4/firebase-messaging/sw.js","database":"https://www.gstatic.com/firebasejs/9.9.4/firebase-database.js","firestore.memory":"https://www.gstatic.com/firebasejs/9.9.4/firebase-firestore.memory.js"}}
[info] +  Wrote dist/movie-browser/index.html 
[info] 
[info] i  Detected a .git folder at D:\AngularPWAApp\movie-browser 
[info] i  Authorizing with GitHub to upload your service account to a GitHub repository's secrets store. 
[info] 
[info] Visit this URL on this device to log in:
[info] https://github.com/login/oauth/authorize?client_id=89cf50f02ac6aaed3484&state=984598671&redirect_uri=http%3A%2F%2Flocalhost%3A9005&scope=read%3Auser%20repo%20public_repo
[info] 
[info] Waiting for authentication...
[debug] [2022-09-12T09:10:06.492Z] >>> [apiv2][query] POST https://github.com/login/oauth/access_token [none]
[debug] [2022-09-12T09:10:06.492Z] >>> [apiv2][body] POST https://github.com/login/oauth/access_token [stream]
[debug] [2022-09-12T09:10:07.093Z] <<< [apiv2][status] POST https://github.com/login/oauth/access_token 200
[debug] [2022-09-12T09:10:07.093Z] <<< [apiv2][body] POST https://github.com/login/oauth/access_token {"access_token":"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","token_type":"bearer","scope":"read:user,repo"}
[debug] [2022-09-12T09:10:07.107Z] >>> [apiv2][query] GET https://api.github.com/user [none]
[debug] [2022-09-12T09:10:07.780Z] <<< [apiv2][status] GET https://api.github.com/user 200
[debug] [2022-09-12T09:10:07.781Z] <<< [apiv2][body] GET https://api.github.com/user {"login":"Sunilrai486","id":18285421,"node_id":"MDQ6VXNlcjE4Mjg1NDIx","avatar_url":"https://avatars.githubusercontent.com/u/18285421?v=4","gravatar_id":"","url":"https://api.github.com/users/Sunilrai486","html_url":"https://github.com/Sunilrai486","followers_url":"https://api.github.com/users/Sunilrai486/followers","following_url":"https://api.github.com/users/Sunilrai486/following{/other_user}","gists_url":"https://api.github.com/users/Sunilrai486/gists{/gist_id}","starred_url":"https://api.github.com/users/Sunilrai486/starred{/owner}{/repo}","subscriptions_url":"https://api.github.com/users/Sunilrai486/subscriptions","organizations_url":"https://api.github.com/users/Sunilrai486/orgs","repos_url":"https://api.github.com/users/Sunilrai486/repos","events_url":"https://api.github.com/users/Sunilrai486/events{/privacy}","received_events_url":"https://api.github.com/users/Sunilrai486/received_events","type":"User","site_admin":false,"name":"Sunilrai486","company":"PROCIT B.V.","blog":"https://www.linkedin.com/in/sunilrai486/","location":"Kathmandu, Nepal","email":null,"hireable":true,"bio":"Software Engineer","twitter_username":null,"public_repos":56,"public_gists":0,"followers":72,"following":451,"created_at":"2016-04-05T11:59:39Z","updated_at":"2022-09-12T08:55:24Z","private_gists":0,"total_private_repos":86,"owned_private_repos":85,"disk_usage":205578,"collaborators":2,"two_factor_authentication":false,"plan":{"name":"free","space":976562499,"collaborators":0,"private_repos":10000}}
[info] 
[info] +  Success! Logged into GitHub as Sunilrai486 
[info] 
